[PHASE2_REG] 2026-01-29 14:48:15,787 INFO: ============================================================
[PHASE2_REG] 2026-01-29 14:48:15,787 INFO: PHASE 2 EXPERIMENT REGISTRATION - START
[PHASE2_REG] 2026-01-29 14:48:15,787 INFO: Sentinel error_id: 219c70ee-79d3-5313-89a8-474e89b75de1
[PHASE2_REG] 2026-01-29 14:48:15,787 INFO: Namespace: a1b2c3d4-e5f6-7890-abcd-ef1234567890
[PHASE2_REG] 2026-01-29 14:48:15,787 INFO: ============================================================
[PHASE2_REG] 2026-01-29 14:48:16,144 INFO: Regime snapshot: 48 assets, hash=995bdb77e56d52fe...
[PHASE2_REG] 2026-01-29 14:48:16,146 INFO: Processing EXP_ALPHA_SAT_A_V1.1 (id=206d670d-4b16-5d68-8dc1-6d477c1f9c40)
[PHASE2_REG] 2026-01-29 14:48:16,758 ERROR: Registration failed: cannot insert a non-DEFAULT value into column "tier_name"
DETAIL:  Column "tier_name" is a generated column.
Traceback (most recent call last):
  File "C:\fhq-market-system\vision-ios\03_FUNCTIONS\ops_phase2_registration.py", line 201, in register_experiments
    cur.execute("""
  File "C:\Users\Ørjan Skjold\AppData\Local\Programs\Python\Python312\Lib\site-packages\psycopg2\extras.py", line 236, in execute
    return super().execute(query, vars)
           ^^^^^^^^^^^^^^^^^^^^^^^^^^^^
psycopg2.errors.GeneratedAlways: cannot insert a non-DEFAULT value into column "tier_name"
DETAIL:  Column "tier_name" is a generated column.

[PHASE2_REG] 2026-01-29 14:48:50,078 INFO: ============================================================
[PHASE2_REG] 2026-01-29 14:48:50,078 INFO: PHASE 2 EXPERIMENT REGISTRATION - START
[PHASE2_REG] 2026-01-29 14:48:50,079 INFO: Sentinel error_id: 219c70ee-79d3-5313-89a8-474e89b75de1
[PHASE2_REG] 2026-01-29 14:48:50,079 INFO: Namespace: a1b2c3d4-e5f6-7890-abcd-ef1234567890
[PHASE2_REG] 2026-01-29 14:48:50,080 INFO: ============================================================
[PHASE2_REG] 2026-01-29 14:48:50,331 INFO: Regime snapshot: 48 assets, hash=995bdb77e56d52fe...
[PHASE2_REG] 2026-01-29 14:48:50,331 INFO: Processing EXP_ALPHA_SAT_A_V1.1 (id=206d670d-4b16-5d68-8dc1-6d477c1f9c40)
[PHASE2_REG] 2026-01-29 14:48:50,977 ERROR: Registration failed: cannot insert a non-DEFAULT value into column "parameter_count"
DETAIL:  Column "parameter_count" is a generated column.
Traceback (most recent call last):
  File "C:\fhq-market-system\vision-ios\03_FUNCTIONS\ops_phase2_registration.py", line 201, in register_experiments
    cur.execute("""
  File "C:\Users\Ørjan Skjold\AppData\Local\Programs\Python\Python312\Lib\site-packages\psycopg2\extras.py", line 236, in execute
    return super().execute(query, vars)
           ^^^^^^^^^^^^^^^^^^^^^^^^^^^^
psycopg2.errors.GeneratedAlways: cannot insert a non-DEFAULT value into column "parameter_count"
DETAIL:  Column "parameter_count" is a generated column.

[PHASE2_REG] 2026-01-29 14:49:14,775 INFO: ============================================================
[PHASE2_REG] 2026-01-29 14:49:14,775 INFO: PHASE 2 EXPERIMENT REGISTRATION - START
[PHASE2_REG] 2026-01-29 14:49:14,775 INFO: Sentinel error_id: 219c70ee-79d3-5313-89a8-474e89b75de1
[PHASE2_REG] 2026-01-29 14:49:14,775 INFO: Namespace: a1b2c3d4-e5f6-7890-abcd-ef1234567890
[PHASE2_REG] 2026-01-29 14:49:14,775 INFO: ============================================================
[PHASE2_REG] 2026-01-29 14:49:15,123 INFO: Regime snapshot: 48 assets, hash=995bdb77e56d52fe...
[PHASE2_REG] 2026-01-29 14:49:15,123 INFO: Processing EXP_ALPHA_SAT_A_V1.1 (id=206d670d-4b16-5d68-8dc1-6d477c1f9c40)
[PHASE2_REG] 2026-01-29 14:49:15,513 INFO:   Registered: EXP_ALPHA_SAT_A_V1.1
[PHASE2_REG] 2026-01-29 14:49:15,513 INFO: Processing EXP_ALPHA_SAT_B_V1.1 (id=2c248668-c01d-5dfe-b38e-5cb6b0d5c6b2)
[PHASE2_REG] 2026-01-29 14:49:16,061 INFO:   Registered: EXP_ALPHA_SAT_B_V1.1
[PHASE2_REG] 2026-01-29 14:49:16,061 INFO: Processing EXP_ALPHA_SAT_C_V1.1 (id=2c6e1b62-476b-515e-8bae-dc1af967d0e0)
[PHASE2_REG] 2026-01-29 14:49:16,507 INFO:   Registered: EXP_ALPHA_SAT_C_V1.1
[PHASE2_REG] 2026-01-29 14:49:16,507 ERROR: Registration failed: operator does not exist: uuid = text
LINE 4:                 WHERE canon_id = ANY(ARRAY['3969b7a9-e668-4e...
                                       ^
HINT:  No operator matches the given name and argument types. You might need to add explicit type casts.
Traceback (most recent call last):
  File "C:\fhq-market-system\vision-ios\03_FUNCTIONS\ops_phase2_registration.py", line 237, in register_experiments
    cur.execute("""
  File "C:\Users\Ørjan Skjold\AppData\Local\Programs\Python\Python312\Lib\site-packages\psycopg2\extras.py", line 236, in execute
    return super().execute(query, vars)
           ^^^^^^^^^^^^^^^^^^^^^^^^^^^^
psycopg2.errors.UndefinedFunction: operator does not exist: uuid = text
LINE 4:                 WHERE canon_id = ANY(ARRAY['3969b7a9-e668-4e...
                                       ^
HINT:  No operator matches the given name and argument types. You might need to add explicit type casts.

[PHASE2_REG] 2026-01-29 14:49:33,728 INFO: ============================================================
[PHASE2_REG] 2026-01-29 14:49:33,728 INFO: PHASE 2 EXPERIMENT REGISTRATION - START
[PHASE2_REG] 2026-01-29 14:49:33,728 INFO: Sentinel error_id: 219c70ee-79d3-5313-89a8-474e89b75de1
[PHASE2_REG] 2026-01-29 14:49:33,728 INFO: Namespace: a1b2c3d4-e5f6-7890-abcd-ef1234567890
[PHASE2_REG] 2026-01-29 14:49:33,728 INFO: ============================================================
[PHASE2_REG] 2026-01-29 14:49:33,988 INFO: Regime snapshot: 48 assets, hash=995bdb77e56d52fe...
[PHASE2_REG] 2026-01-29 14:49:33,988 INFO: Processing EXP_ALPHA_SAT_A_V1.1 (id=206d670d-4b16-5d68-8dc1-6d477c1f9c40)
[PHASE2_REG] 2026-01-29 14:49:34,269 INFO:   Registered: EXP_ALPHA_SAT_A_V1.1
[PHASE2_REG] 2026-01-29 14:49:34,269 INFO: Processing EXP_ALPHA_SAT_B_V1.1 (id=2c248668-c01d-5dfe-b38e-5cb6b0d5c6b2)
[PHASE2_REG] 2026-01-29 14:49:34,748 INFO:   Registered: EXP_ALPHA_SAT_B_V1.1
[PHASE2_REG] 2026-01-29 14:49:34,749 INFO: Processing EXP_ALPHA_SAT_C_V1.1 (id=2c6e1b62-476b-515e-8bae-dc1af967d0e0)
[PHASE2_REG] 2026-01-29 14:49:35,165 INFO:   Registered: EXP_ALPHA_SAT_C_V1.1
[PHASE2_REG] 2026-01-29 14:49:35,197 INFO: Activated 3 hypothesis_canon entries
[PHASE2_REG] 2026-01-29 14:49:35,197 INFO: Transaction committed.
[PHASE2_REG] 2026-01-29 14:49:35,197 INFO: Evidence written: 03_FUNCTIONS/evidence/PHASE2_EXPERIMENT_REGISTRATION.json (hash=f9c84a608098f554...)
[PHASE2_REG] 2026-01-29 14:49:35,410 INFO: ============================================================
[PHASE2_REG] 2026-01-29 14:49:35,410 INFO: VERIFICATION RESULTS:
[PHASE2_REG] 2026-01-29 14:49:35,410 INFO:   EXP_ALPHA_SAT_A_V1.1: RUNNING (id=206d670d-4b16-5d68-8dc1-6d477c1f9c40)
[PHASE2_REG] 2026-01-29 14:49:35,410 INFO:   EXP_ALPHA_SAT_B_V1.1: RUNNING (id=2c248668-c01d-5dfe-b38e-5cb6b0d5c6b2)
[PHASE2_REG] 2026-01-29 14:49:35,410 INFO:   EXP_ALPHA_SAT_C_V1.1: RUNNING (id=2c6e1b62-476b-515e-8bae-dc1af967d0e0)
[PHASE2_REG] 2026-01-29 14:49:35,410 INFO:   ALPHA_SAT_A_VOL_SQUEEZE_V1.1: ACTIVE
[PHASE2_REG] 2026-01-29 14:49:35,410 INFO:   ALPHA_SAT_B_REGIME_ALIGN_V1.1: ACTIVE
[PHASE2_REG] 2026-01-29 14:49:35,410 INFO:   ALPHA_SAT_C_MEAN_REVERT_V1.1: ACTIVE
[PHASE2_REG] 2026-01-29 14:49:35,410 INFO: Evidence hash: f9c84a608098f554...
[PHASE2_REG] 2026-01-29 14:49:35,410 INFO: PHASE 2 EXPERIMENT REGISTRATION - COMPLETE
[PHASE2_REG] 2026-01-29 14:49:35,410 INFO: ============================================================
[PHASE2_REG] 2026-01-29 17:19:58,475 INFO: ============================================================
[PHASE2_REG] 2026-01-29 17:19:58,476 INFO: PHASE 2 EXPERIMENT REGISTRATION - START
[PHASE2_REG] 2026-01-29 17:19:58,476 INFO: Sentinel error_id: 219c70ee-79d3-5313-89a8-474e89b75de1
[PHASE2_REG] 2026-01-29 17:19:58,477 INFO: Namespace: a1b2c3d4-e5f6-7890-abcd-ef1234567890
[PHASE2_REG] 2026-01-29 17:19:58,477 INFO: ============================================================
[PHASE2_REG] 2026-01-29 17:19:59,075 INFO: Regime snapshot: 48 assets, hash=995bdb77e56d52fe...
[PHASE2_REG] 2026-01-29 17:19:59,076 INFO: Processing EXP_ALPHA_SAT_A_V1.1 (id=206d670d-4b16-5d68-8dc1-6d477c1f9c40)
[PHASE2_REG] 2026-01-29 17:19:59,095 INFO:   Already exists (status=RUNNING). Skipping.
[PHASE2_REG] 2026-01-29 17:19:59,095 INFO: Processing EXP_ALPHA_SAT_B_V1.1 (id=2c248668-c01d-5dfe-b38e-5cb6b0d5c6b2)
[PHASE2_REG] 2026-01-29 17:19:59,096 INFO:   Already exists (status=RUNNING). Skipping.
[PHASE2_REG] 2026-01-29 17:19:59,096 INFO: Processing EXP_ALPHA_SAT_C_V1.1 (id=2c6e1b62-476b-515e-8bae-dc1af967d0e0)
[PHASE2_REG] 2026-01-29 17:19:59,097 INFO:   Already exists (status=RUNNING). Skipping.
[PHASE2_REG] 2026-01-29 17:19:59,098 INFO: Processing EXP_ALPHA_SAT_D_V1.0 (id=6f2bd948-9f87-5741-9b9b-65d78b3061c1)
[PHASE2_REG] 2026-01-29 17:19:59,974 INFO:   Registered: EXP_ALPHA_SAT_D_V1.0
[PHASE2_REG] 2026-01-29 17:19:59,975 INFO: Processing EXP_ALPHA_SAT_E_V1.0 (id=c49325a5-491d-5aef-a5ad-76a856a43b3d)
[PHASE2_REG] 2026-01-29 17:20:00,893 INFO:   Registered: EXP_ALPHA_SAT_E_V1.0
[PHASE2_REG] 2026-01-29 17:20:00,893 INFO: Processing EXP_ALPHA_SAT_F_V1.0 (id=7b96d930-5350-58b6-a06d-123331da47ec)
[PHASE2_REG] 2026-01-29 17:20:01,407 INFO:   Registered: EXP_ALPHA_SAT_F_V1.0
[PHASE2_REG] 2026-01-29 17:20:01,422 INFO: Activated 3 hypothesis_canon entries
[PHASE2_REG] 2026-01-29 17:20:01,424 INFO: Transaction committed.
[PHASE2_REG] 2026-01-29 17:20:01,426 INFO: Evidence written: 03_FUNCTIONS/evidence/PHASE2_EXPERIMENT_REGISTRATION.json (hash=1b51632458cc8d8d...)
[PHASE2_REG] 2026-01-29 17:20:01,700 INFO: ============================================================
[PHASE2_REG] 2026-01-29 17:20:01,700 INFO: VERIFICATION RESULTS:
[PHASE2_REG] 2026-01-29 17:20:01,700 INFO:   EXP_ALPHA_SAT_A_V1.1: RUNNING (id=206d670d-4b16-5d68-8dc1-6d477c1f9c40)
[PHASE2_REG] 2026-01-29 17:20:01,700 INFO:   EXP_ALPHA_SAT_B_V1.1: RUNNING (id=2c248668-c01d-5dfe-b38e-5cb6b0d5c6b2)
[PHASE2_REG] 2026-01-29 17:20:01,701 INFO:   EXP_ALPHA_SAT_C_V1.1: RUNNING (id=2c6e1b62-476b-515e-8bae-dc1af967d0e0)
[PHASE2_REG] 2026-01-29 17:20:01,701 INFO:   EXP_ALPHA_SAT_D_V1.0: RUNNING (id=6f2bd948-9f87-5741-9b9b-65d78b3061c1)
[PHASE2_REG] 2026-01-29 17:20:01,701 INFO:   EXP_ALPHA_SAT_E_V1.0: RUNNING (id=c49325a5-491d-5aef-a5ad-76a856a43b3d)
[PHASE2_REG] 2026-01-29 17:20:01,701 INFO:   EXP_ALPHA_SAT_F_V1.0: RUNNING (id=7b96d930-5350-58b6-a06d-123331da47ec)
[PHASE2_REG] 2026-01-29 17:20:01,701 INFO:   ALPHA_SAT_A_VOL_SQUEEZE_V1.1: ACTIVE
[PHASE2_REG] 2026-01-29 17:20:01,701 INFO:   ALPHA_SAT_B_REGIME_ALIGN_V1.1: ACTIVE
[PHASE2_REG] 2026-01-29 17:20:01,702 INFO:   ALPHA_SAT_C_MEAN_REVERT_V1.1: ACTIVE
[PHASE2_REG] 2026-01-29 17:20:01,702 INFO: Evidence hash: 1b51632458cc8d8d...
[PHASE2_REG] 2026-01-29 17:20:01,702 INFO: PHASE 2 EXPERIMENT REGISTRATION - COMPLETE
[PHASE2_REG] 2026-01-29 17:20:01,702 INFO: ============================================================
