[2026-01-25 06:00:02.010715] Canonical Test Orchestrator starting...
[2026-01-25 06:00:02.069138] Phase 1: Discovering active tests...
[2026-01-25 06:00:02.089812] Found 4 ACTIVE test(s)
[2026-01-25 06:00:02.123616] Collected 10 signal(s)

[2026-01-25 06:00:02.123616] Processing: TEST-EC022-OBS-001
[2026-01-25 06:00:02.125613]   Day 1 of 30
[2026-01-25 06:00:02.172504]   Processed successfully

[2026-01-25 06:00:02.172504] Processing: TEST-TIER1-CAL-001
[2026-01-25 06:00:02.172504]   Day 0 of 3
[2026-01-25 06:00:02.193042]   Processed successfully

[2026-01-25 06:00:02.193042] Processing: TEST-GN-SHADOW-001
[2026-01-25 06:00:02.193042]   Day 0 of 14
[2026-01-25 06:00:02.204736]   Processed successfully

[2026-01-25 06:00:02.204736] Processing: TEST-FINN-T-ALIGN-001
[2026-01-25 06:00:02.204736]   Day 0 of 14
[2026-01-25 06:00:02.224692]   Processed successfully

[2026-01-25 06:00:02.258522] Orchestrator complete. Execution ID: 3655be21-32d6-4673-a95d-cce7b6088722
[2026-01-25 06:00:02.258522] Stats: {
  "processed": 4,
  "escalated": 0,
  "resolved": 0,
  "halted": 0,
  "warnings": [],
  "errors": []
}
[2026-01-26 06:00:08.390746] Canonical Test Orchestrator starting...
[2026-01-26 06:00:08.666132] Phase 1: Discovering active tests...
[2026-01-26 06:00:08.684818] Found 5 ACTIVE test(s)
[2026-01-26 06:00:08.714149] Collected 10 signal(s)

[2026-01-26 06:00:08.714149] Processing: TEST-EC022-OBS-001
[2026-01-26 06:00:08.716883]   Day 2 of 30
[2026-01-26 06:00:08.743809]   ESCALATION TRIGGERED: LVG metric feed missing for >24h
[2026-01-26 06:00:08.766583] ERROR: Orchestrator failed: column "recommended_actions" is of type jsonb but expression is of type text[]
LINE 6:                 recommended_actions = ARRAY['Run LVG computa...
                                              ^
HINT:  You will need to rewrite or cast the expression.

Traceback (most recent call last):
  File "C:\fhq-market-system\vision-ios\03_FUNCTIONS\canonical_test_orchestrator_daemon.py", line 531, in run_orchestrator
    escalate_test(conn, test_id, escalation.get('escalation_reason', ''), actions)
  File "C:\fhq-market-system\vision-ios\03_FUNCTIONS\canonical_test_orchestrator_daemon.py", line 230, in escalate_test
    cur.execute("""
  File "C:\Users\Ørjan Skjold\AppData\Local\Programs\Python\Python312\Lib\site-packages\psycopg2\extras.py", line 236, in execute
    return super().execute(query, vars)
           ^^^^^^^^^^^^^^^^^^^^^^^^^^^^
psycopg2.errors.DatatypeMismatch: column "recommended_actions" is of type jsonb but expression is of type text[]
LINE 6:                 recommended_actions = ARRAY['Run LVG computa...
                                              ^
HINT:  You will need to rewrite or cast the expression.


FATAL: current transaction is aborted, commands ignored until end of transaction block

[2026-01-27 06:00:02.390573] Canonical Test Orchestrator starting...
[2026-01-27 06:00:02.484750] Phase 1: Discovering active tests...
[2026-01-27 06:00:02.495095] Found 5 ACTIVE test(s)
[2026-01-27 06:00:02.515537] Collected 10 signal(s)

[2026-01-27 06:00:02.515537] Processing: TEST-EC022-OBS-001
[2026-01-27 06:00:02.526423]   Day 3 of 30
[2026-01-27 06:00:02.547398]   ESCALATION TRIGGERED: LVG metric feed missing for >24h
[2026-01-27 06:00:02.895772] ERROR: Orchestrator failed: column "recommended_actions" is of type jsonb but expression is of type text[]
LINE 6:                 recommended_actions = ARRAY['Run LVG computa...
                                              ^
HINT:  You will need to rewrite or cast the expression.

Traceback (most recent call last):
  File "C:\fhq-market-system\vision-ios\03_FUNCTIONS\canonical_test_orchestrator_daemon.py", line 531, in run_orchestrator
    escalate_test(conn, test_id, escalation.get('escalation_reason', ''), actions)
  File "C:\fhq-market-system\vision-ios\03_FUNCTIONS\canonical_test_orchestrator_daemon.py", line 230, in escalate_test
    cur.execute("""
  File "C:\Users\Ørjan Skjold\AppData\Local\Programs\Python\Python312\Lib\site-packages\psycopg2\extras.py", line 236, in execute
    return super().execute(query, vars)
           ^^^^^^^^^^^^^^^^^^^^^^^^^^^^
psycopg2.errors.DatatypeMismatch: column "recommended_actions" is of type jsonb but expression is of type text[]
LINE 6:                 recommended_actions = ARRAY['Run LVG computa...
                                              ^
HINT:  You will need to rewrite or cast the expression.


FATAL: current transaction is aborted, commands ignored until end of transaction block

[2026-01-28 06:00:02.053572] Canonical Test Orchestrator starting...
[2026-01-28 06:00:02.125186] Phase 1: Discovering active tests...
[2026-01-28 06:00:02.135813] Found 5 ACTIVE test(s)
[2026-01-28 06:00:02.166214] Collected 10 signal(s)

[2026-01-28 06:00:02.166214] Processing: TEST-EC022-OBS-001
[2026-01-28 06:00:02.166214]   Day 4 of 30
[2026-01-28 06:00:02.193701]   ESCALATION TRIGGERED: LVG metric feed missing for >24h
[2026-01-28 06:00:02.467868] ERROR: Orchestrator failed: column "recommended_actions" is of type jsonb but expression is of type text[]
LINE 6:                 recommended_actions = ARRAY['Run LVG computa...
                                              ^
HINT:  You will need to rewrite or cast the expression.

Traceback (most recent call last):
  File "C:\fhq-market-system\vision-ios\03_FUNCTIONS\canonical_test_orchestrator_daemon.py", line 531, in run_orchestrator
    escalate_test(conn, test_id, escalation.get('escalation_reason', ''), actions)
  File "C:\fhq-market-system\vision-ios\03_FUNCTIONS\canonical_test_orchestrator_daemon.py", line 230, in escalate_test
    cur.execute("""
  File "C:\Users\Ørjan Skjold\AppData\Local\Programs\Python\Python312\Lib\site-packages\psycopg2\extras.py", line 236, in execute
    return super().execute(query, vars)
           ^^^^^^^^^^^^^^^^^^^^^^^^^^^^
psycopg2.errors.DatatypeMismatch: column "recommended_actions" is of type jsonb but expression is of type text[]
LINE 6:                 recommended_actions = ARRAY['Run LVG computa...
                                              ^
HINT:  You will need to rewrite or cast the expression.


FATAL: current transaction is aborted, commands ignored until end of transaction block

[2026-01-29 06:00:01.898577] Canonical Test Orchestrator starting...
[2026-01-29 06:00:01.972451] Phase 1: Discovering active tests...
[2026-01-29 06:00:01.992236] Found 5 ACTIVE test(s)
[2026-01-29 06:00:02.013284] Collected 10 signal(s)

[2026-01-29 06:00:02.013284] Processing: TEST-EC022-OBS-001
[2026-01-29 06:00:02.024563]   Day 5 of 30
[2026-01-29 06:00:02.055798]   ESCALATION TRIGGERED: LVG metric feed missing for >24h
[2026-01-29 06:00:02.447847] ERROR: Orchestrator failed: column "recommended_actions" is of type jsonb but expression is of type text[]
LINE 6:                 recommended_actions = ARRAY['Run LVG computa...
                                              ^
HINT:  You will need to rewrite or cast the expression.

Traceback (most recent call last):
  File "C:\fhq-market-system\vision-ios\03_FUNCTIONS\canonical_test_orchestrator_daemon.py", line 531, in run_orchestrator
    escalate_test(conn, test_id, escalation.get('escalation_reason', ''), actions)
  File "C:\fhq-market-system\vision-ios\03_FUNCTIONS\canonical_test_orchestrator_daemon.py", line 230, in escalate_test
    cur.execute("""
  File "C:\Users\Ørjan Skjold\AppData\Local\Programs\Python\Python312\Lib\site-packages\psycopg2\extras.py", line 236, in execute
    return super().execute(query, vars)
           ^^^^^^^^^^^^^^^^^^^^^^^^^^^^
psycopg2.errors.DatatypeMismatch: column "recommended_actions" is of type jsonb but expression is of type text[]
LINE 6:                 recommended_actions = ARRAY['Run LVG computa...
                                              ^
HINT:  You will need to rewrite or cast the expression.


FATAL: current transaction is aborted, commands ignored until end of transaction block

[2026-01-30 06:00:01.726119] Canonical Test Orchestrator starting...
[2026-01-30 06:00:01.883684] Phase 1: Discovering active tests...
[2026-01-30 06:00:01.900792] Found 5 ACTIVE test(s)
[2026-01-30 06:00:01.935107] Collected 10 signal(s)

[2026-01-30 06:00:01.935107] Processing: TEST-EC022-OBS-001
[2026-01-30 06:00:01.939456]   Day 6 of 30
[2026-01-30 06:00:01.968828]   ESCALATION TRIGGERED: LVG metric feed missing for >24h
[2026-01-30 06:00:02.356101] ERROR: Orchestrator failed: column "recommended_actions" is of type jsonb but expression is of type text[]
LINE 6:                 recommended_actions = ARRAY['Run LVG computa...
                                              ^
HINT:  You will need to rewrite or cast the expression.

Traceback (most recent call last):
  File "C:\fhq-market-system\vision-ios\03_FUNCTIONS\canonical_test_orchestrator_daemon.py", line 531, in run_orchestrator
    escalate_test(conn, test_id, escalation.get('escalation_reason', ''), actions)
  File "C:\fhq-market-system\vision-ios\03_FUNCTIONS\canonical_test_orchestrator_daemon.py", line 230, in escalate_test
    cur.execute("""
  File "C:\Users\Ørjan Skjold\AppData\Local\Programs\Python\Python312\Lib\site-packages\psycopg2\extras.py", line 236, in execute
    return super().execute(query, vars)
           ^^^^^^^^^^^^^^^^^^^^^^^^^^^^
psycopg2.errors.DatatypeMismatch: column "recommended_actions" is of type jsonb but expression is of type text[]
LINE 6:                 recommended_actions = ARRAY['Run LVG computa...
                                              ^
HINT:  You will need to rewrite or cast the expression.


FATAL: current transaction is aborted, commands ignored until end of transaction block

[2026-01-30 11:50:38.057858] Canonical Test Orchestrator starting...
[2026-01-30 11:50:38.142515] Phase 1: Discovering active tests...
[2026-01-30 11:50:38.162780] Found 5 ACTIVE test(s)
[2026-01-30 11:50:38.186229] Collected 10 signal(s)

[2026-01-30 11:50:38.186229] Processing: TEST-EC022-OBS-001
[2026-01-30 11:50:38.186229]   Day 6 of 30
[2026-01-30 11:50:38.214413]   ESCALATION TRIGGERED: LVG metric feed missing for >24h
[2026-01-30 11:50:38.286128] ERROR: Orchestrator failed: column "recommended_actions" is of type jsonb but expression is of type text[]
LINE 6:                 recommended_actions = ARRAY['Run LVG computa...
                                              ^
HINT:  You will need to rewrite or cast the expression.

Traceback (most recent call last):
  File "C:\fhq-market-system\vision-ios\03_FUNCTIONS\canonical_test_orchestrator_daemon.py", line 531, in run_orchestrator
    escalate_test(conn, test_id, escalation.get('escalation_reason', ''), actions)
  File "C:\fhq-market-system\vision-ios\03_FUNCTIONS\canonical_test_orchestrator_daemon.py", line 230, in escalate_test
    cur.execute("""
  File "C:\Users\Ørjan Skjold\AppData\Local\Programs\Python\Python312\Lib\site-packages\psycopg2\extras.py", line 236, in execute
    return super().execute(query, vars)
           ^^^^^^^^^^^^^^^^^^^^^^^^^^^^
psycopg2.errors.DatatypeMismatch: column "recommended_actions" is of type jsonb but expression is of type text[]
LINE 6:                 recommended_actions = ARRAY['Run LVG computa...
                                              ^
HINT:  You will need to rewrite or cast the expression.


FATAL: current transaction is aborted, commands ignored until end of transaction block

[2026-01-30 11:53:15.051080] Canonical Test Orchestrator starting...
[2026-01-30 11:53:15.149920] Phase 1: Discovering active tests...
[2026-01-30 11:53:15.170750] Found 5 ACTIVE test(s)
[2026-01-30 11:53:15.198160] Collected 10 signal(s)

[2026-01-30 11:53:15.198160] Processing: TEST-EC022-OBS-001
[2026-01-30 11:53:15.198160]   Day 6 of 30
[2026-01-30 11:53:15.227678]   ESCALATION TRIGGERED: LVG metric feed missing for >24h
[2026-01-30 11:53:15.258469] ERROR: Orchestrator failed: column "recommended_actions" is of type jsonb but expression is of type text[]
LINE 6:                 recommended_actions = ARRAY['Run LVG computa...
                                              ^
HINT:  You will need to rewrite or cast the expression.

Traceback (most recent call last):
  File "C:\fhq-market-system\vision-ios\03_FUNCTIONS\canonical_test_orchestrator_daemon.py", line 531, in run_orchestrator
    escalate_test(conn, test_id, escalation.get('escalation_reason', ''), actions)
  File "C:\fhq-market-system\vision-ios\03_FUNCTIONS\canonical_test_orchestrator_daemon.py", line 230, in escalate_test
    cur.execute("""
  File "C:\Users\Ørjan Skjold\AppData\Local\Programs\Python\Python312\Lib\site-packages\psycopg2\extras.py", line 236, in execute
    return super().execute(query, vars)
           ^^^^^^^^^^^^^^^^^^^^^^^^^^^^
psycopg2.errors.DatatypeMismatch: column "recommended_actions" is of type jsonb but expression is of type text[]
LINE 6:                 recommended_actions = ARRAY['Run LVG computa...
                                              ^
HINT:  You will need to rewrite or cast the expression.


FATAL: current transaction is aborted, commands ignored until end of transaction block

[2026-01-30 11:54:50.859710] Canonical Test Orchestrator starting...
[2026-01-30 11:54:50.955497] Phase 1: Discovering active tests...
[2026-01-30 11:54:50.966473] Found 5 ACTIVE test(s)
[2026-01-30 11:54:51.019365] Collected 10 signal(s)

[2026-01-30 11:54:51.019365] Processing: TEST-EC022-OBS-001
[2026-01-30 11:54:51.019365]   Day 6 of 30
[2026-01-30 11:54:51.050836]   ESCALATION TRIGGERED: LVG metric feed missing for >24h
[2026-01-30 11:54:51.222305] ERROR: Orchestrator failed: column "recommended_actions" is of type jsonb but expression is of type text[]
LINE 6:                 recommended_actions = ARRAY['Run LVG computa...
                                              ^
HINT:  You will need to rewrite or cast the expression.

Traceback (most recent call last):
  File "C:\fhq-market-system\vision-ios\03_FUNCTIONS\canonical_test_orchestrator_daemon.py", line 531, in run_orchestrator
    escalate_test(conn, test_id, escalation.get('escalation_reason', ''), actions)
  File "C:\fhq-market-system\vision-ios\03_FUNCTIONS\canonical_test_orchestrator_daemon.py", line 230, in escalate_test
    cur.execute("""
  File "C:\Users\Ørjan Skjold\AppData\Local\Programs\Python\Python312\Lib\site-packages\psycopg2\extras.py", line 236, in execute
    return super().execute(query, vars)
           ^^^^^^^^^^^^^^^^^^^^^^^^^^^^
psycopg2.errors.DatatypeMismatch: column "recommended_actions" is of type jsonb but expression is of type text[]
LINE 6:                 recommended_actions = ARRAY['Run LVG computa...
                                              ^
HINT:  You will need to rewrite or cast the expression.


FATAL: current transaction is aborted, commands ignored until end of transaction block

[2026-01-31 06:00:03.221942] Canonical Test Orchestrator starting...
[2026-01-31 06:00:03.304712] Phase 1: Discovering active tests...
[2026-01-31 06:00:03.324902] Found 5 ACTIVE test(s)
[2026-01-31 06:00:03.345362] Collected 10 signal(s)

[2026-01-31 06:00:03.345362] Processing: TEST-EC022-OBS-001
[2026-01-31 06:00:03.345362]   Day 7 of 30
[2026-01-31 06:00:03.376081]   ESCALATION TRIGGERED: LVG metric feed missing for >24h
[2026-01-31 06:00:03.414857] ERROR: Orchestrator failed: column "recommended_actions" is of type jsonb but expression is of type text[]
LINE 6:                 recommended_actions = ARRAY['Run LVG computa...
                                              ^
HINT:  You will need to rewrite or cast the expression.

Traceback (most recent call last):
  File "C:\fhq-market-system\vision-ios\03_FUNCTIONS\canonical_test_orchestrator_daemon.py", line 531, in run_orchestrator
    escalate_test(conn, test_id, escalation.get('escalation_reason', ''), actions)
  File "C:\fhq-market-system\vision-ios\03_FUNCTIONS\canonical_test_orchestrator_daemon.py", line 230, in escalate_test
    cur.execute("""
  File "C:\Users\RJANSK~1\AppData\Local\Programs\Python\Python312\Lib\site-packages\psycopg2\extras.py", line 236, in execute
    return super().execute(query, vars)
           ^^^^^^^^^^^^^^^^^^^^^^^^^^^^
psycopg2.errors.DatatypeMismatch: column "recommended_actions" is of type jsonb but expression is of type text[]
LINE 6:                 recommended_actions = ARRAY['Run LVG computa...
                                              ^
HINT:  You will need to rewrite or cast the expression.


FATAL: current transaction is aborted, commands ignored until end of transaction block

[2026-02-01 06:00:04.040681] Canonical Test Orchestrator starting...
[2026-02-01 06:00:04.136782] Phase 1: Discovering active tests...
[2026-02-01 06:00:04.151513] Found 5 ACTIVE test(s)
[2026-02-01 06:00:04.182852] Collected 10 signal(s)

[2026-02-01 06:00:04.182852] Processing: TEST-EC022-OBS-001
[2026-02-01 06:00:04.222049]   Day 8 of 30
[2026-02-01 06:00:04.252724]   ESCALATION TRIGGERED: LVG metric feed missing for >24h
[2026-02-01 06:00:04.692970] ERROR: Orchestrator failed: column "recommended_actions" is of type jsonb but expression is of type text[]
LINE 6:                 recommended_actions = ARRAY['Run LVG computa...
                                              ^
HINT:  You will need to rewrite or cast the expression.

Traceback (most recent call last):
  File "C:\fhq-market-system\vision-ios\03_FUNCTIONS\canonical_test_orchestrator_daemon.py", line 531, in run_orchestrator
    escalate_test(conn, test_id, escalation.get('escalation_reason', ''), actions)
  File "C:\fhq-market-system\vision-ios\03_FUNCTIONS\canonical_test_orchestrator_daemon.py", line 230, in escalate_test
    cur.execute("""
  File "C:\Users\RJANSK~1\AppData\Local\Programs\Python\Python312\Lib\site-packages\psycopg2\extras.py", line 236, in execute
    return super().execute(query, vars)
           ^^^^^^^^^^^^^^^^^^^^^^^^^^^^
psycopg2.errors.DatatypeMismatch: column "recommended_actions" is of type jsonb but expression is of type text[]
LINE 6:                 recommended_actions = ARRAY['Run LVG computa...
                                              ^
HINT:  You will need to rewrite or cast the expression.


FATAL: current transaction is aborted, commands ignored until end of transaction block

[2026-02-02 06:00:04.797267] Canonical Test Orchestrator starting...
[2026-02-02 06:00:04.885106] Phase 1: Discovering active tests...
[2026-02-02 06:00:04.899110] Found 5 ACTIVE test(s)
[2026-02-02 06:00:04.926335] Collected 10 signal(s)

[2026-02-02 06:00:04.926335] Processing: TEST-EC022-OBS-001
[2026-02-02 06:00:04.929343]   Day 9 of 30
[2026-02-02 06:00:04.963340]   ESCALATION TRIGGERED: LVG metric feed missing for >24h
[2026-02-02 06:00:05.113814] ERROR: Orchestrator failed: column "recommended_actions" is of type jsonb but expression is of type text[]
LINE 6:                 recommended_actions = ARRAY['Run LVG computa...
                                              ^
HINT:  You will need to rewrite or cast the expression.

Traceback (most recent call last):
  File "C:\fhq-market-system\vision-ios\03_FUNCTIONS\canonical_test_orchestrator_daemon.py", line 531, in run_orchestrator
    escalate_test(conn, test_id, escalation.get('escalation_reason', ''), actions)
  File "C:\fhq-market-system\vision-ios\03_FUNCTIONS\canonical_test_orchestrator_daemon.py", line 230, in escalate_test
    cur.execute("""
  File "C:\Users\RJANSK~1\AppData\Local\Programs\Python\Python312\Lib\site-packages\psycopg2\extras.py", line 236, in execute
    return super().execute(query, vars)
           ^^^^^^^^^^^^^^^^^^^^^^^^^^^^
psycopg2.errors.DatatypeMismatch: column "recommended_actions" is of type jsonb but expression is of type text[]
LINE 6:                 recommended_actions = ARRAY['Run LVG computa...
                                              ^
HINT:  You will need to rewrite or cast the expression.


FATAL: current transaction is aborted, commands ignored until end of transaction block

[2026-02-03 06:00:04.871137] Canonical Test Orchestrator starting...
[2026-02-03 06:00:05.090800] Phase 1: Discovering active tests...
[2026-02-03 06:00:05.104739] Found 4 ACTIVE test(s)
[2026-02-03 06:00:05.136345] Collected 10 signal(s)

[2026-02-03 06:00:05.136345] Processing: TEST-EC022-OBS-001
[2026-02-03 06:00:05.136345]   Day 10 of 30
[2026-02-03 06:00:05.173181]   ESCALATION TRIGGERED: LVG metric feed missing for >24h
[2026-02-03 06:00:05.327964] ERROR: Orchestrator failed: column "recommended_actions" is of type jsonb but expression is of type text[]
LINE 6:                 recommended_actions = ARRAY['Run LVG computa...
                                              ^
HINT:  You will need to rewrite or cast the expression.

Traceback (most recent call last):
  File "C:\fhq-market-system\vision-ios\03_FUNCTIONS\canonical_test_orchestrator_daemon.py", line 531, in run_orchestrator
    escalate_test(conn, test_id, escalation.get('escalation_reason', ''), actions)
  File "C:\fhq-market-system\vision-ios\03_FUNCTIONS\canonical_test_orchestrator_daemon.py", line 230, in escalate_test
    cur.execute("""
  File "C:\Users\RJANSK~1\AppData\Local\Programs\Python\Python312\Lib\site-packages\psycopg2\extras.py", line 236, in execute
    return super().execute(query, vars)
           ^^^^^^^^^^^^^^^^^^^^^^^^^^^^
psycopg2.errors.DatatypeMismatch: column "recommended_actions" is of type jsonb but expression is of type text[]
LINE 6:                 recommended_actions = ARRAY['Run LVG computa...
                                              ^
HINT:  You will need to rewrite or cast the expression.


FATAL: current transaction is aborted, commands ignored until end of transaction block

[2026-02-04 06:55:43.890353] Canonical Test Orchestrator starting...
[2026-02-04 06:55:44.088159] Phase 1: Discovering active tests...
[2026-02-04 06:55:44.107289] Found 4 ACTIVE test(s)
[2026-02-04 06:55:44.117712] Collected 10 signal(s)

[2026-02-04 06:55:44.117712] Processing: TEST-EC022-OBS-001
[2026-02-04 06:55:44.128467]   Day 11 of 30
[2026-02-04 06:55:44.149473]   ESCALATION TRIGGERED: LVG metric feed missing for >24h
[2026-02-04 06:55:44.169738]   Processed successfully

[2026-02-04 06:55:44.169738] Processing: TEST-GN-SHADOW-001
[2026-02-04 06:55:44.169738]   Day 10 of 14
[2026-02-04 06:55:44.169738]   ESCALATION TRIGGERED: LVG metric feed missing for >24h
[2026-02-04 06:55:44.169738]   Processed successfully

[2026-02-04 06:55:44.169738] Processing: TEST-FINN-T-ALIGN-001
[2026-02-04 06:55:44.179820]   Day 10 of 14
[2026-02-04 06:55:44.179820]   ESCALATION TRIGGERED: LVG metric feed missing for >24h
[2026-02-04 06:55:44.179820]   Processed successfully

[2026-02-04 06:55:44.179820] Processing: FHQ-EXP-PRETIER-G1.5
[2026-02-04 06:55:44.179820]   Day 9 of 14
[2026-02-04 06:55:44.190709]   ESCALATION TRIGGERED: LVG metric feed missing for >24h; Baseline not yet captured
[2026-02-04 06:55:44.190709]   Processed successfully

[2026-02-04 06:55:44.200279] Orchestrator complete. Execution ID: 676c1204-f186-495d-b8db-d0bb683648d5
[2026-02-04 06:55:44.200279] Stats: {
  "processed": 4,
  "escalated": 4,
  "resolved": 0,
  "halted": 0,
  "warnings": [],
  "errors": [],
  "stale_escalations_closed": 0
}
[2026-02-05 07:32:46.410228] Canonical Test Orchestrator starting...
[2026-02-05 07:32:46.503262] Phase 1: Discovering active tests...
[2026-02-05 07:32:46.523704] Found 4 ACTIVE test(s)
[2026-02-05 07:32:46.548669] Collected 10 signal(s)

[2026-02-05 07:32:46.548669] Processing: TEST-EC022-OBS-001
[2026-02-05 07:32:46.548669]   Day 12 of 30
[2026-02-05 07:32:46.575783]   ESCALATION TRIGGERED: LVG metric feed missing for >24h
[2026-02-05 07:32:46.596437]   Processed successfully

[2026-02-05 07:32:46.596437] Processing: TEST-GN-SHADOW-001
[2026-02-05 07:32:46.596437]   Day 11 of 14
[2026-02-05 07:32:46.596437]   ESCALATION TRIGGERED: LVG metric feed missing for >24h
[2026-02-05 07:32:46.606638]   Processed successfully

[2026-02-05 07:32:46.606638] Processing: TEST-FINN-T-ALIGN-001
[2026-02-05 07:32:46.606638]   Day 11 of 14
[2026-02-05 07:32:46.617338]   ESCALATION TRIGGERED: LVG metric feed missing for >24h
[2026-02-05 07:32:46.617338]   Processed successfully

[2026-02-05 07:32:46.617338] Processing: FHQ-EXP-PRETIER-G1.5
[2026-02-05 07:32:46.617338]   Day 10 of 14
[2026-02-05 07:32:46.617338]   ESCALATION TRIGGERED: LVG metric feed missing for >24h; Baseline not yet captured
[2026-02-05 07:32:46.626917]   Processed successfully

[2026-02-05 07:32:46.637602] Orchestrator complete. Execution ID: 5623a849-8c7b-4a45-9805-4a00732b994a
[2026-02-05 07:32:46.637602] Stats: {
  "processed": 4,
  "escalated": 4,
  "resolved": 0,
  "halted": 0,
  "warnings": [],
  "errors": [],
  "stale_escalations_closed": 0
}
[2026-02-06 06:00:09.102407] Canonical Test Orchestrator starting...
[2026-02-06 06:00:09.193065] Phase 1: Discovering active tests...
[2026-02-06 06:00:09.225729] Found 4 ACTIVE test(s)
[2026-02-06 06:00:09.259591] Collected 10 signal(s)

[2026-02-06 06:00:09.259591] Processing: TEST-EC022-OBS-001
[2026-02-06 06:00:09.259591]   Day 13 of 30
[2026-02-06 06:00:09.290265]   ESCALATION TRIGGERED: LVG metric feed missing for >24h
[2026-02-06 06:00:09.311207]   Processed successfully

[2026-02-06 06:00:09.311207] Processing: TEST-GN-SHADOW-001
[2026-02-06 06:00:09.311207]   Day 12 of 14
[2026-02-06 06:00:09.311207]   ESCALATION TRIGGERED: LVG metric feed missing for >24h
[2026-02-06 06:00:09.311207]   Processed successfully

[2026-02-06 06:00:09.311207] Processing: TEST-FINN-T-ALIGN-001
[2026-02-06 06:00:09.321231]   Day 12 of 14
[2026-02-06 06:00:09.322256]   ESCALATION TRIGGERED: LVG metric feed missing for >24h
[2026-02-06 06:00:09.322256]   Processed successfully

[2026-02-06 06:00:09.322256] Processing: FHQ-EXP-PRETIER-G1.5
[2026-02-06 06:00:09.322256]   Day 11 of 14
[2026-02-06 06:00:09.332394]   ESCALATION TRIGGERED: LVG metric feed missing for >24h; Baseline not yet captured
[2026-02-06 06:00:09.336786]   Processed successfully

[2026-02-06 06:00:09.452233] Orchestrator complete. Execution ID: 8cc167cd-51b2-4c65-b78a-9f0746f4c81b
[2026-02-06 06:00:09.452233] Stats: {
  "processed": 4,
  "escalated": 4,
  "resolved": 0,
  "halted": 0,
  "warnings": [],
  "errors": [],
  "stale_escalations_closed": 0
}
[2026-02-07 07:29:40.626001] Canonical Test Orchestrator starting...
[2026-02-07 07:29:40.708199] Phase 1: Discovering active tests...
[2026-02-07 07:29:40.728601] Found 4 ACTIVE test(s)
[2026-02-07 07:29:40.739237] Collected 10 signal(s)

[2026-02-07 07:29:40.739237] Processing: TEST-EC022-OBS-001
[2026-02-07 07:29:40.748824]   Day 14 of 30
[2026-02-07 07:29:40.759588]   ESCALATION TRIGGERED: LVG metric feed missing for >24h
[2026-02-07 07:29:40.790475]   Processed successfully

[2026-02-07 07:29:40.790475] Processing: TEST-GN-SHADOW-001
[2026-02-07 07:29:40.790475]   Day 13 of 14
[2026-02-07 07:29:40.790475]   ESCALATION TRIGGERED: LVG metric feed missing for >24h
[2026-02-07 07:29:40.801081]   Processed successfully

[2026-02-07 07:29:40.801081] Processing: TEST-FINN-T-ALIGN-001
[2026-02-07 07:29:40.801081]   Day 13 of 14
[2026-02-07 07:29:40.801081]   ESCALATION TRIGGERED: LVG metric feed missing for >24h
[2026-02-07 07:29:40.801081]   Processed successfully

[2026-02-07 07:29:40.801081] Processing: FHQ-EXP-PRETIER-G1.5
[2026-02-07 07:29:40.801081]   Day 12 of 14
[2026-02-07 07:29:40.811157]   ESCALATION TRIGGERED: LVG metric feed missing for >24h; Baseline not yet captured
[2026-02-07 07:29:40.811157]   Processed successfully

[2026-02-07 07:29:40.822051] Orchestrator complete. Execution ID: f284bb65-1df2-4735-b725-ec021f19ce60
[2026-02-07 07:29:40.822051] Stats: {
  "processed": 4,
  "escalated": 4,
  "resolved": 0,
  "halted": 0,
  "warnings": [],
  "errors": [],
  "stale_escalations_closed": 0
}
[2026-02-08 06:00:04.360246] Canonical Test Orchestrator starting...
[2026-02-08 06:00:04.442227] Phase 1: Discovering active tests...
[2026-02-08 06:00:04.462460] Found 4 ACTIVE test(s)
[2026-02-08 06:00:04.483670] Collected 10 signal(s)

[2026-02-08 06:00:04.483670] Processing: TEST-EC022-OBS-001
[2026-02-08 06:00:04.492773]   Day 15 of 30
[2026-02-08 06:00:04.523665]   ESCALATION TRIGGERED: LVG metric feed missing for >24h
[2026-02-08 06:00:04.570915]   Processed successfully

[2026-02-08 06:00:04.570915] Processing: TEST-GN-SHADOW-001
[2026-02-08 06:00:04.575971]   Day 14 of 14
[2026-02-08 06:00:04.587005]   ESCALATION TRIGGERED: LVG metric feed missing for >24h
[2026-02-08 06:00:04.596705]   Processed successfully

[2026-02-08 06:00:04.596705] Processing: TEST-FINN-T-ALIGN-001
[2026-02-08 06:00:04.596705]   Day 14 of 14
[2026-02-08 06:00:04.607547]   ESCALATION TRIGGERED: LVG metric feed missing for >24h
[2026-02-08 06:00:04.617207]   Processed successfully

[2026-02-08 06:00:04.617207] Processing: FHQ-EXP-PRETIER-G1.5
[2026-02-08 06:00:04.617207]   Day 13 of 14
[2026-02-08 06:00:04.627946]   ESCALATION TRIGGERED: LVG metric feed missing for >24h; Baseline not yet captured
[2026-02-08 06:00:04.637562]   Processed successfully

[2026-02-08 06:00:04.668865] Orchestrator complete. Execution ID: a536e2cd-cdc4-491d-9ead-53929912be1b
[2026-02-08 06:00:04.668865] Stats: {
  "processed": 4,
  "escalated": 4,
  "resolved": 0,
  "halted": 0,
  "warnings": [],
  "errors": [],
  "stale_escalations_closed": 0
}
[2026-02-09 06:03:41.013792] Canonical Test Orchestrator starting...
[2026-02-09 06:03:41.089861] Phase 1: Discovering active tests...
[2026-02-09 06:03:41.110236] Found 4 ACTIVE test(s)
[2026-02-09 06:03:41.131316] Collected 10 signal(s)

[2026-02-09 06:03:41.131316] Processing: TEST-EC022-OBS-001
[2026-02-09 06:03:41.131316]   Day 16 of 30
[2026-02-09 06:03:41.151505]   ESCALATION TRIGGERED: LVG metric feed missing for >24h
[2026-02-09 06:03:41.182324]   Processed successfully

[2026-02-09 06:03:41.182324] Processing: TEST-GN-SHADOW-001
[2026-02-09 06:03:41.182324]   Day 15 of 14
[2026-02-09 06:03:41.182324]   ESCALATION TRIGGERED: LVG metric feed missing for >24h
[2026-02-09 06:03:41.192927]   Processed successfully

[2026-02-09 06:03:41.192927] Processing: TEST-FINN-T-ALIGN-001
[2026-02-09 06:03:41.192927]   Day 15 of 14
[2026-02-09 06:03:41.192927]   ESCALATION TRIGGERED: LVG metric feed missing for >24h
[2026-02-09 06:03:41.202999]   Processed successfully

[2026-02-09 06:03:41.202999] Processing: FHQ-EXP-PRETIER-G1.5
[2026-02-09 06:03:41.202999]   Day 14 of 14
[2026-02-09 06:03:41.202999]   ESCALATION TRIGGERED: LVG metric feed missing for >24h; Baseline not yet captured
[2026-02-09 06:03:41.202999]   Processed successfully

[2026-02-09 06:03:41.213618] Orchestrator complete. Execution ID: 61ee3cd5-e210-4384-8c99-e977b3e2bc8b
[2026-02-09 06:03:41.213618] Stats: {
  "processed": 4,
  "escalated": 4,
  "resolved": 0,
  "halted": 0,
  "warnings": [],
  "errors": [],
  "stale_escalations_closed": 0
}
[2026-02-10 08:06:58.883141] Canonical Test Orchestrator starting...
[2026-02-10 08:06:58.970411] Phase 1: Discovering active tests...
[2026-02-10 08:06:58.991552] Found 4 ACTIVE test(s)
[2026-02-10 08:06:59.012332] Collected 10 signal(s)

[2026-02-10 08:06:59.012332] Processing: TEST-EC022-OBS-001
[2026-02-10 08:06:59.012332]   Day 17 of 30
[2026-02-10 08:06:59.042682]   ESCALATION TRIGGERED: LVG metric feed missing for >24h
[2026-02-10 08:06:59.136828]   Processed successfully

[2026-02-10 08:06:59.136828] Processing: TEST-GN-SHADOW-001
[2026-02-10 08:06:59.136828]   Day 16 of 14
[2026-02-10 08:06:59.136828]   ESCALATION TRIGGERED: LVG metric feed missing for >24h
[2026-02-10 08:06:59.146912]   Processed successfully

[2026-02-10 08:06:59.146912] Processing: TEST-FINN-T-ALIGN-001
[2026-02-10 08:06:59.146912]   Day 16 of 14
[2026-02-10 08:06:59.146912]   ESCALATION TRIGGERED: LVG metric feed missing for >24h
[2026-02-10 08:06:59.157788]   Processed successfully

[2026-02-10 08:06:59.157788] Processing: FHQ-EXP-PRETIER-G1.5
[2026-02-10 08:06:59.157788]   Day 15 of 14
[2026-02-10 08:06:59.157788]   ESCALATION TRIGGERED: LVG metric feed missing for >24h; Baseline not yet captured
[2026-02-10 08:06:59.157788]   Processed successfully

[2026-02-10 08:06:59.178591] Orchestrator complete. Execution ID: 665c0048-6442-42ee-9177-b35fc97e6c60
[2026-02-10 08:06:59.178591] Stats: {
  "processed": 4,
  "escalated": 4,
  "resolved": 0,
  "halted": 0,
  "warnings": [],
  "errors": [],
  "stale_escalations_closed": 0
}
[2026-02-11 06:00:04.325484] Canonical Test Orchestrator starting...
[2026-02-11 06:00:04.509769] Phase 1: Discovering active tests...
[2026-02-11 06:00:04.527324] Found 4 ACTIVE test(s)
[2026-02-11 06:00:04.558392] Collected 10 signal(s)

[2026-02-11 06:00:04.558392] Processing: TEST-EC022-OBS-001
[2026-02-11 06:00:04.561394]   Day 18 of 30
[2026-02-11 06:00:04.593249]   ESCALATION TRIGGERED: LVG metric feed missing for >24h
[2026-02-11 06:00:04.611754]   Processed successfully

[2026-02-11 06:00:04.611754] Processing: TEST-GN-SHADOW-001
[2026-02-11 06:00:04.612750]   Day 17 of 14
[2026-02-11 06:00:04.616335]   ESCALATION TRIGGERED: LVG metric feed missing for >24h
[2026-02-11 06:00:04.620334]   Processed successfully

[2026-02-11 06:00:04.620334] Processing: TEST-FINN-T-ALIGN-001
[2026-02-11 06:00:04.620334]   Day 17 of 14
[2026-02-11 06:00:04.623338]   ESCALATION TRIGGERED: LVG metric feed missing for >24h
[2026-02-11 06:00:04.627335]   Processed successfully

[2026-02-11 06:00:04.627335] Processing: FHQ-EXP-PRETIER-G1.5
[2026-02-11 06:00:04.628331]   Day 16 of 14
[2026-02-11 06:00:04.631965]   ESCALATION TRIGGERED: LVG metric feed missing for >24h; Baseline not yet captured
[2026-02-11 06:00:04.635963]   Processed successfully

[2026-02-11 06:00:04.643838] Orchestrator complete. Execution ID: 824d87a9-d77c-4633-a1ae-08c15d1df723
[2026-02-11 06:00:04.643838] Stats: {
  "processed": 4,
  "escalated": 4,
  "resolved": 0,
  "halted": 0,
  "warnings": [],
  "errors": [],
  "stale_escalations_closed": 0
}
[2026-02-12 06:00:04.095939] Canonical Test Orchestrator starting...
[2026-02-12 06:00:04.171415] Phase 1: Discovering active tests...
[2026-02-12 06:00:04.189427] Found 4 ACTIVE test(s)
[2026-02-12 06:00:04.215152] Collected 10 signal(s)

[2026-02-12 06:00:04.215152] Processing: TEST-EC022-OBS-001
[2026-02-12 06:00:04.218153]   Day 19 of 30
[2026-02-12 06:00:04.249150]   ESCALATION TRIGGERED: LVG metric feed missing for >24h
[2026-02-12 06:00:04.296874]   Processed successfully

[2026-02-12 06:00:04.297872] Processing: TEST-GN-SHADOW-001
[2026-02-12 06:00:04.297872]   Day 18 of 14
[2026-02-12 06:00:04.301877]   ESCALATION TRIGGERED: LVG metric feed missing for >24h
[2026-02-12 06:00:04.305914]   Processed successfully

[2026-02-12 06:00:04.305914] Processing: TEST-FINN-T-ALIGN-001
[2026-02-12 06:00:04.305914]   Day 18 of 14
[2026-02-12 06:00:04.308914]   ESCALATION TRIGGERED: LVG metric feed missing for >24h
[2026-02-12 06:00:04.312909]   Processed successfully

[2026-02-12 06:00:04.312909] Processing: FHQ-EXP-PRETIER-G1.5
[2026-02-12 06:00:04.313909]   Day 17 of 14
[2026-02-12 06:00:04.316912]   ESCALATION TRIGGERED: LVG metric feed missing for >24h; Baseline not yet captured
[2026-02-12 06:00:04.319007]   Processed successfully

[2026-02-12 06:00:04.338612] Orchestrator complete. Execution ID: 046c178f-a18c-4377-a36c-027946791a76
[2026-02-12 06:00:04.338612] Stats: {
  "processed": 4,
  "escalated": 4,
  "resolved": 0,
  "halted": 0,
  "warnings": [],
  "errors": [],
  "stale_escalations_closed": 0
}
[2026-02-13 06:00:04.409014] Canonical Test Orchestrator starting...
[2026-02-13 06:00:04.609329] Phase 1: Discovering active tests...
[2026-02-13 06:00:04.629888] Found 4 ACTIVE test(s)
[2026-02-13 06:00:04.654078] Collected 10 signal(s)

[2026-02-13 06:00:04.654078] Processing: TEST-EC022-OBS-001
[2026-02-13 06:00:04.663225]   Day 20 of 30
[2026-02-13 06:00:04.729027]   ESCALATION TRIGGERED: LVG metric feed missing for >24h
[2026-02-13 06:00:04.978372]   Processed successfully

[2026-02-13 06:00:04.978372] Processing: TEST-GN-SHADOW-001
[2026-02-13 06:00:04.978372]   Day 19 of 14
[2026-02-13 06:00:04.978372]   ESCALATION TRIGGERED: LVG metric feed missing for >24h
[2026-02-13 06:00:04.978372]   Processed successfully

[2026-02-13 06:00:04.978372] Processing: TEST-FINN-T-ALIGN-001
[2026-02-13 06:00:04.978372]   Day 19 of 14
[2026-02-13 06:00:04.988423]   ESCALATION TRIGGERED: LVG metric feed missing for >24h
[2026-02-13 06:00:04.988423]   Processed successfully

[2026-02-13 06:00:04.988423] Processing: FHQ-EXP-PRETIER-G1.5
[2026-02-13 06:00:04.988423]   Day 18 of 14
[2026-02-13 06:00:04.988423]   ESCALATION TRIGGERED: LVG metric feed missing for >24h; Baseline not yet captured
[2026-02-13 06:00:04.998647]   Processed successfully

[2026-02-13 06:00:05.265440] Orchestrator complete. Execution ID: a9a030f4-a285-4850-b053-45346802e187
[2026-02-13 06:00:05.265440] Stats: {
  "processed": 4,
  "escalated": 4,
  "resolved": 0,
  "halted": 0,
  "warnings": [],
  "errors": [],
  "stale_escalations_closed": 0
}
[2026-02-14 06:00:04.317200] Canonical Test Orchestrator starting...
[2026-02-14 06:00:04.397025] Phase 1: Discovering active tests...
[2026-02-14 06:00:04.413290] Found 4 ACTIVE test(s)
[2026-02-14 06:00:04.436843] Collected 10 signal(s)

[2026-02-14 06:00:04.436843] Processing: TEST-EC022-OBS-001
[2026-02-14 06:00:04.439841]   Day 21 of 30
[2026-02-14 06:00:04.462844]   ESCALATION TRIGGERED: LVG metric feed missing for >24h
[2026-02-14 06:00:04.507843]   Processed successfully

[2026-02-14 06:00:04.507843] Processing: TEST-GN-SHADOW-001
[2026-02-14 06:00:04.508841]   Day 20 of 14
[2026-02-14 06:00:04.512841]   ESCALATION TRIGGERED: LVG metric feed missing for >24h
[2026-02-14 06:00:04.516842]   Processed successfully

[2026-02-14 06:00:04.516842] Processing: TEST-FINN-T-ALIGN-001
[2026-02-14 06:00:04.517841]   Day 20 of 14
[2026-02-14 06:00:04.520844]   ESCALATION TRIGGERED: LVG metric feed missing for >24h
[2026-02-14 06:00:04.525844]   Processed successfully

[2026-02-14 06:00:04.525844] Processing: FHQ-EXP-PRETIER-G1.5
[2026-02-14 06:00:04.526846]   Day 19 of 14
[2026-02-14 06:00:04.529842]   ESCALATION TRIGGERED: LVG metric feed missing for >24h; Baseline not yet captured
[2026-02-14 06:00:04.534848]   Processed successfully

[2026-02-14 06:00:04.557842] Orchestrator complete. Execution ID: 3462f506-d8bc-4813-9020-27415aaec1bd
[2026-02-14 06:00:04.557842] Stats: {
  "processed": 4,
  "escalated": 4,
  "resolved": 0,
  "halted": 0,
  "warnings": [],
  "errors": [],
  "stale_escalations_closed": 0
}
[2026-02-15 06:00:04.220203] Canonical Test Orchestrator starting...
[2026-02-15 06:00:04.295955] Phase 1: Discovering active tests...
[2026-02-15 06:00:04.311955] Found 4 ACTIVE test(s)
[2026-02-15 06:00:04.332955] Collected 10 signal(s)

[2026-02-15 06:00:04.333955] Processing: TEST-EC022-OBS-001
[2026-02-15 06:00:04.336954]   Day 22 of 30
[2026-02-15 06:00:04.359614]   ESCALATION TRIGGERED: LVG metric feed missing for >24h
[2026-02-15 06:00:04.486432]   Processed successfully

[2026-02-15 06:00:04.486432] Processing: TEST-GN-SHADOW-001
[2026-02-15 06:00:04.489431]   Day 21 of 14
[2026-02-15 06:00:04.497432]   ESCALATION TRIGGERED: LVG metric feed missing for >24h
[2026-02-15 06:00:04.501432]   Processed successfully

[2026-02-15 06:00:04.501432] Processing: TEST-FINN-T-ALIGN-001
[2026-02-15 06:00:04.502434]   Day 21 of 14
[2026-02-15 06:00:04.505432]   ESCALATION TRIGGERED: LVG metric feed missing for >24h
[2026-02-15 06:00:04.510431]   Processed successfully

[2026-02-15 06:00:04.510431] Processing: FHQ-EXP-PRETIER-G1.5
[2026-02-15 06:00:04.511433]   Day 20 of 14
[2026-02-15 06:00:04.515127]   ESCALATION TRIGGERED: LVG metric feed missing for >24h; Baseline not yet captured
[2026-02-15 06:00:04.519124]   Processed successfully

[2026-02-15 06:00:04.541278] Orchestrator complete. Execution ID: c268f5f0-7c0f-4a77-8ac4-92f29727cd51
[2026-02-15 06:00:04.541278] Stats: {
  "processed": 4,
  "escalated": 4,
  "resolved": 0,
  "halted": 0,
  "warnings": [],
  "errors": [],
  "stale_escalations_closed": 0
}
